<?xml version="1.0" encoding="UTF-8"?>
<testng-results ignored="0" total="1" passed="1" failed="0" skipped="0">
  <reporter-output>
  </reporter-output>
  <suite started-at="2021-11-05T17:08:36Z" name="Default suite" finished-at="2021-11-05T17:08:48Z" duration-ms="11827">
    <groups>
    </groups>
    <test started-at="2021-11-05T17:08:36Z" name="Default test" finished-at="2021-11-05T17:08:48Z" duration-ms="11827">
      <class name="testcases.SearchBook">
        <test-method is-config="true" signature="beforeMethod()[pri:0, instance:testcases.SearchBook@6892b3b6]" started-at="2021-11-06T00:08:36Z" name="beforeMethod" finished-at="2021-11-06T00:08:39Z" duration-ms="2469" status="PASS">
          <reporter-output>
          </reporter-output>
        </test-method> <!-- beforeMethod -->
        <test-method signature="SearchBookTest()[pri:0, instance:testcases.SearchBook@6892b3b6]" started-at="2021-11-06T00:08:39Z" name="SearchBookTest" finished-at="2021-11-06T00:08:48Z" duration-ms="9032" status="PASS">
          <reporter-output>
          </reporter-output>
        </test-method> <!-- SearchBookTest -->
        <test-method is-config="true" signature="afterMethod()[pri:0, instance:testcases.SearchBook@6892b3b6]" started-at="2021-11-06T00:08:48Z" name="afterMethod" finished-at="2021-11-06T00:08:48Z" duration-ms="305" status="PASS">
          <reporter-output>
          </reporter-output>
        </test-method> <!-- afterMethod -->
      </class> <!-- testcases.SearchBook -->
    </test> <!-- Default test -->
  </suite> <!-- Default suite -->
</testng-results>
